{"/Users/rohit/Documents/My files/fragments/src/app.js": {"path":"/Users/rohit/Documents/My files/fragments/src/app.js","statementMap":{"0":{"start":{"line":1,"column":16},"end":{"line":1,"column":34}},"1":{"start":{"line":2,"column":13},"end":{"line":2,"column":28}},"2":{"start":{"line":3,"column":15},"end":{"line":3,"column":32}},"3":{"start":{"line":4,"column":20},"end":{"line":4,"column":42}},"4":{"start":{"line":5,"column":17},"end":{"line":5,"column":36}},"5":{"start":{"line":8,"column":21},"end":{"line":8,"column":38}},"6":{"start":{"line":10,"column":15},"end":{"line":10,"column":34}},"7":{"start":{"line":11,"column":13},"end":{"line":13,"column":2}},"8":{"start":{"line":15,"column":12},"end":{"line":15,"column":21}},"9":{"start":{"line":18,"column":0},"end":{"line":18,"column":14}},"10":{"start":{"line":19,"column":0},"end":{"line":19,"column":18}},"11":{"start":{"line":20,"column":0},"end":{"line":20,"column":16}},"12":{"start":{"line":21,"column":0},"end":{"line":21,"column":23}},"13":{"start":{"line":24,"column":0},"end":{"line":24,"column":38}},"14":{"start":{"line":25,"column":0},"end":{"line":25,"column":31}},"15":{"start":{"line":28,"column":0},"end":{"line":28,"column":34}},"16":{"start":{"line":31,"column":0},"end":{"line":39,"column":3}},"17":{"start":{"line":32,"column":2},"end":{"line":38,"column":5}},"18":{"start":{"line":41,"column":0},"end":{"line":53,"column":3}},"19":{"start":{"line":42,"column":17},"end":{"line":42,"column":34}},"20":{"start":{"line":43,"column":18},"end":{"line":43,"column":60}},"21":{"start":{"line":45,"column":2},"end":{"line":47,"column":3}},"22":{"start":{"line":46,"column":4},"end":{"line":46,"column":54}},"23":{"start":{"line":49,"column":2},"end":{"line":52,"column":5}},"24":{"start":{"line":55,"column":0},"end":{"line":55,"column":21}}},"fnMap":{"0":{"name":"(anonymous_0)","decl":{"start":{"line":31,"column":8},"end":{"line":31,"column":9}},"loc":{"start":{"line":31,"column":22},"end":{"line":39,"column":1}},"line":31},"1":{"name":"(anonymous_1)","decl":{"start":{"line":41,"column":8},"end":{"line":41,"column":9}},"loc":{"start":{"line":41,"column":33},"end":{"line":53,"column":1}},"line":41}},"branchMap":{"0":{"loc":{"start":{"line":42,"column":17},"end":{"line":42,"column":34}},"type":"binary-expr","locations":[{"start":{"line":42,"column":17},"end":{"line":42,"column":27}},{"start":{"line":42,"column":31},"end":{"line":42,"column":34}}],"line":42},"1":{"loc":{"start":{"line":43,"column":18},"end":{"line":43,"column":60}},"type":"binary-expr","locations":[{"start":{"line":43,"column":18},"end":{"line":43,"column":29}},{"start":{"line":43,"column":33},"end":{"line":43,"column":60}}],"line":43},"2":{"loc":{"start":{"line":45,"column":2},"end":{"line":47,"column":3}},"type":"if","locations":[{"start":{"line":45,"column":2},"end":{"line":47,"column":3}},{"start":{},"end":{}}],"line":45}},"s":{"0":4,"1":4,"2":4,"3":4,"4":4,"5":4,"6":4,"7":4,"8":4,"9":4,"10":4,"11":4,"12":4,"13":4,"14":4,"15":4,"16":4,"17":1,"18":4,"19":0,"20":0,"21":0,"22":0,"23":0,"24":4},"f":{"0":1,"1":0},"b":{"0":[0,0],"1":[0,0],"2":[0,0]},"_coverageSchema":"1a1c01bbd47fc00a2c39e90264f33305004495a9","hash":"ae565552614ce8a5dcd17556121b393baa5ab69c"}
,"/Users/rohit/Documents/My files/fragments/src/hash.js": {"path":"/Users/rohit/Documents/My files/fragments/src/hash.js","statementMap":{"0":{"start":{"line":16,"column":15},"end":{"line":16,"column":32}},"1":{"start":{"line":22,"column":0},"end":{"line":22,"column":84}},"2":{"start":{"line":22,"column":28},"end":{"line":22,"column":83}}},"fnMap":{"0":{"name":"(anonymous_0)","decl":{"start":{"line":22,"column":17},"end":{"line":22,"column":18}},"loc":{"start":{"line":22,"column":28},"end":{"line":22,"column":83}},"line":22}},"branchMap":{},"s":{"0":5,"1":5,"2":14},"f":{"0":14},"b":{},"_coverageSchema":"1a1c01bbd47fc00a2c39e90264f33305004495a9","hash":"31848fea55fceacdadfe28d5692bf5e324d84f15"}
,"/Users/rohit/Documents/My files/fragments/src/logger.js": {"path":"/Users/rohit/Documents/My files/fragments/src/logger.js","statementMap":{"0":{"start":{"line":4,"column":16},"end":{"line":4,"column":58}},"1":{"start":{"line":7,"column":0},"end":{"line":15,"column":1}},"2":{"start":{"line":9,"column":2},"end":{"line":14,"column":4}},"3":{"start":{"line":19,"column":0},"end":{"line":19,"column":42}}},"fnMap":{},"branchMap":{"0":{"loc":{"start":{"line":4,"column":25},"end":{"line":4,"column":56}},"type":"binary-expr","locations":[{"start":{"line":4,"column":25},"end":{"line":4,"column":46}},{"start":{"line":4,"column":50},"end":{"line":4,"column":56}}],"line":4},"1":{"loc":{"start":{"line":7,"column":0},"end":{"line":15,"column":1}},"type":"if","locations":[{"start":{"line":7,"column":0},"end":{"line":15,"column":1}},{"start":{},"end":{}}],"line":7}},"s":{"0":6,"1":6,"2":0,"3":6},"f":{},"b":{"0":[6,0],"1":[0,6]},"_coverageSchema":"1a1c01bbd47fc00a2c39e90264f33305004495a9","hash":"04c9a1362886369b30ab6541b574e074a037dc77"}
,"/Users/rohit/Documents/My files/fragments/src/response.js": {"path":"/Users/rohit/Documents/My files/fragments/src/response.js","statementMap":{"0":{"start":{"line":1,"column":0},"end":{"line":6,"column":2}},"1":{"start":{"line":2,"column":2},"end":{"line":5,"column":4}},"2":{"start":{"line":8,"column":0},"end":{"line":16,"column":2}},"3":{"start":{"line":9,"column":2},"end":{"line":15,"column":4}}},"fnMap":{"0":{"name":"(anonymous_0)","decl":{"start":{"line":1,"column":39},"end":{"line":1,"column":40}},"loc":{"start":{"line":1,"column":55},"end":{"line":6,"column":1}},"line":1},"1":{"name":"(anonymous_1)","decl":{"start":{"line":8,"column":37},"end":{"line":8,"column":38}},"loc":{"start":{"line":8,"column":62},"end":{"line":16,"column":1}},"line":8}},"branchMap":{},"s":{"0":5,"1":1,"2":5,"3":4},"f":{"0":1,"1":4},"b":{},"_coverageSchema":"1a1c01bbd47fc00a2c39e90264f33305004495a9","hash":"ca7134566cb35cd51502a5ce0620fce32377a45a"}
,"/Users/rohit/Documents/My files/fragments/src/auth/auth-middleware.js": {"path":"/Users/rohit/Documents/My files/fragments/src/auth/auth-middleware.js","statementMap":{"0":{"start":{"line":1,"column":17},"end":{"line":1,"column":36}},"1":{"start":{"line":3,"column":32},"end":{"line":3,"column":54}},"2":{"start":{"line":4,"column":13},"end":{"line":4,"column":31}},"3":{"start":{"line":5,"column":15},"end":{"line":5,"column":35}},"4":{"start":{"line":11,"column":0},"end":{"line":43,"column":2}},"5":{"start":{"line":12,"column":2},"end":{"line":42,"column":4}},"6":{"start":{"line":21,"column":6},"end":{"line":24,"column":7}},"7":{"start":{"line":22,"column":8},"end":{"line":22,"column":58}},"8":{"start":{"line":23,"column":8},"end":{"line":23,"column":77}},"9":{"start":{"line":27,"column":6},"end":{"line":29,"column":7}},"10":{"start":{"line":28,"column":8},"end":{"line":28,"column":78}},"11":{"start":{"line":32,"column":6},"end":{"line":32,"column":29}},"12":{"start":{"line":33,"column":6},"end":{"line":33,"column":68}},"13":{"start":{"line":36,"column":6},"end":{"line":36,"column":13}},"14":{"start":{"line":41,"column":4},"end":{"line":41,"column":86}}},"fnMap":{"0":{"name":"(anonymous_0)","decl":{"start":{"line":11,"column":17},"end":{"line":11,"column":18}},"loc":{"start":{"line":11,"column":35},"end":{"line":43,"column":1}},"line":11},"1":{"name":"(anonymous_1)","decl":{"start":{"line":12,"column":9},"end":{"line":12,"column":10}},"loc":{"start":{"line":12,"column":35},"end":{"line":42,"column":3}},"line":12},"2":{"name":"callback","decl":{"start":{"line":19,"column":13},"end":{"line":19,"column":21}},"loc":{"start":{"line":19,"column":34},"end":{"line":37,"column":5}},"line":19}},"branchMap":{"0":{"loc":{"start":{"line":21,"column":6},"end":{"line":24,"column":7}},"type":"if","locations":[{"start":{"line":21,"column":6},"end":{"line":24,"column":7}},{"start":{},"end":{}}],"line":21},"1":{"loc":{"start":{"line":27,"column":6},"end":{"line":29,"column":7}},"type":"if","locations":[{"start":{"line":27,"column":6},"end":{"line":29,"column":7}},{"start":{},"end":{}}],"line":27}},"s":{"0":4,"1":4,"2":4,"3":4,"4":4,"5":4,"6":14,"7":0,"8":0,"9":14,"10":3,"11":11,"12":11,"13":11,"14":14},"f":{"0":4,"1":14,"2":14},"b":{"0":[0,14],"1":[3,11]},"_coverageSchema":"1a1c01bbd47fc00a2c39e90264f33305004495a9","hash":"bf656af296fa7e2b801fb1b7145ce4a77cf21d10"}
,"/Users/rohit/Documents/My files/fragments/src/auth/basic-auth.js": {"path":"/Users/rohit/Documents/My files/fragments/src/auth/basic-auth.js","statementMap":{"0":{"start":{"line":1,"column":13},"end":{"line":1,"column":33}},"1":{"start":{"line":2,"column":17},"end":{"line":2,"column":36}},"2":{"start":{"line":3,"column":21},"end":{"line":3,"column":50}},"3":{"start":{"line":5,"column":15},"end":{"line":5,"column":35}},"4":{"start":{"line":8,"column":18},"end":{"line":8,"column":46}},"5":{"start":{"line":11,"column":0},"end":{"line":13,"column":1}},"6":{"start":{"line":12,"column":2},"end":{"line":12,"column":61}},"7":{"start":{"line":16,"column":0},"end":{"line":16,"column":46}},"8":{"start":{"line":19,"column":17},"end":{"line":23,"column":1}},"9":{"start":{"line":25,"column":0},"end":{"line":25,"column":31}},"10":{"start":{"line":27,"column":0},"end":{"line":27,"column":41}},"11":{"start":{"line":27,"column":32},"end":{"line":27,"column":40}},"12":{"start":{"line":33,"column":0},"end":{"line":33,"column":54}},"13":{"start":{"line":33,"column":36},"end":{"line":33,"column":53}}},"fnMap":{"0":{"name":"(anonymous_0)","decl":{"start":{"line":27,"column":26},"end":{"line":27,"column":27}},"loc":{"start":{"line":27,"column":32},"end":{"line":27,"column":40}},"line":27},"1":{"name":"(anonymous_1)","decl":{"start":{"line":33,"column":30},"end":{"line":33,"column":31}},"loc":{"start":{"line":33,"column":36},"end":{"line":33,"column":53}},"line":33}},"branchMap":{"0":{"loc":{"start":{"line":11,"column":0},"end":{"line":13,"column":1}},"type":"if","locations":[{"start":{"line":11,"column":0},"end":{"line":13,"column":1}},{"start":{},"end":{}}],"line":11}},"s":{"0":4,"1":4,"2":4,"3":4,"4":4,"5":4,"6":0,"7":4,"8":4,"9":4,"10":4,"11":4,"12":4,"13":4},"f":{"0":4,"1":4},"b":{"0":[0,4]},"_coverageSchema":"1a1c01bbd47fc00a2c39e90264f33305004495a9","hash":"747d87ec4143e83ae8fee972a307d1b2cdf971b5"}
,"/Users/rohit/Documents/My files/fragments/src/auth/index.js": {"path":"/Users/rohit/Documents/My files/fragments/src/auth/index.js","statementMap":{"0":{"start":{"line":4,"column":0},"end":{"line":12,"column":1}},"1":{"start":{"line":9,"column":2},"end":{"line":11,"column":4}},"2":{"start":{"line":15,"column":0},"end":{"line":29,"column":1}},"3":{"start":{"line":16,"column":22},"end":{"line":16,"column":42}},"4":{"start":{"line":17,"column":2},"end":{"line":17,"column":49}},"5":{"start":{"line":18,"column":2},"end":{"line":18,"column":57}},"6":{"start":{"line":21,"column":5},"end":{"line":29,"column":1}},"7":{"start":{"line":22,"column":20},"end":{"line":22,"column":43}},"8":{"start":{"line":23,"column":2},"end":{"line":23,"column":47}},"9":{"start":{"line":24,"column":2},"end":{"line":24,"column":55}},"10":{"start":{"line":28,"column":2},"end":{"line":28,"column":76}}},"fnMap":{},"branchMap":{"0":{"loc":{"start":{"line":4,"column":0},"end":{"line":12,"column":1}},"type":"if","locations":[{"start":{"line":4,"column":0},"end":{"line":12,"column":1}},{"start":{},"end":{}}],"line":4},"1":{"loc":{"start":{"line":5,"column":2},"end":{"line":7,"column":27}},"type":"binary-expr","locations":[{"start":{"line":5,"column":2},"end":{"line":5,"column":33}},{"start":{"line":6,"column":2},"end":{"line":6,"column":35}},{"start":{"line":7,"column":2},"end":{"line":7,"column":27}}],"line":5},"2":{"loc":{"start":{"line":15,"column":0},"end":{"line":29,"column":1}},"type":"if","locations":[{"start":{"line":15,"column":0},"end":{"line":29,"column":1}},{"start":{"line":21,"column":5},"end":{"line":29,"column":1}}],"line":15},"3":{"loc":{"start":{"line":15,"column":4},"end":{"line":15,"column":72}},"type":"binary-expr","locations":[{"start":{"line":15,"column":4},"end":{"line":15,"column":35}},{"start":{"line":15,"column":39},"end":{"line":15,"column":72}}],"line":15},"4":{"loc":{"start":{"line":21,"column":5},"end":{"line":29,"column":1}},"type":"if","locations":[{"start":{"line":21,"column":5},"end":{"line":29,"column":1}},{"start":{"line":27,"column":5},"end":{"line":29,"column":1}}],"line":21},"5":{"loc":{"start":{"line":21,"column":9},"end":{"line":21,"column":75}},"type":"binary-expr","locations":[{"start":{"line":21,"column":9},"end":{"line":21,"column":34}},{"start":{"line":21,"column":38},"end":{"line":21,"column":75}}],"line":21}},"s":{"0":4,"1":0,"2":4,"3":0,"4":0,"5":0,"6":4,"7":4,"8":4,"9":4,"10":0},"f":{},"b":{"0":[0,4],"1":[4,0,0],"2":[0,4],"3":[4,0],"4":[4,0],"5":[4,4]},"_coverageSchema":"1a1c01bbd47fc00a2c39e90264f33305004495a9","hash":"59996e8b460425869352fd6e2362198c49a0ed3f"}
,"/Users/rohit/Documents/My files/fragments/src/model/fragment.js": {"path":"/Users/rohit/Documents/My files/fragments/src/model/fragment.js","statementMap":{"0":{"start":{"line":3,"column":23},"end":{"line":3,"column":40}},"1":{"start":{"line":5,"column":20},"end":{"line":5,"column":43}},"2":{"start":{"line":6,"column":15},"end":{"line":6,"column":35}},"3":{"start":{"line":16,"column":4},"end":{"line":16,"column":21}},"4":{"start":{"line":20,"column":4},"end":{"line":23,"column":5}},"5":{"start":{"line":21,"column":6},"end":{"line":21,"column":78}},"6":{"start":{"line":22,"column":6},"end":{"line":22,"column":55}},"7":{"start":{"line":27,"column":4},"end":{"line":32,"column":5}},"8":{"start":{"line":28,"column":6},"end":{"line":28,"column":43}},"9":{"start":{"line":30,"column":6},"end":{"line":30,"column":84}},"10":{"start":{"line":31,"column":6},"end":{"line":31,"column":55}},"11":{"start":{"line":35,"column":4},"end":{"line":38,"column":5}},"12":{"start":{"line":36,"column":6},"end":{"line":36,"column":74}},"13":{"start":{"line":37,"column":6},"end":{"line":37,"column":55}},"14":{"start":{"line":40,"column":4},"end":{"line":43,"column":5}},"15":{"start":{"line":41,"column":6},"end":{"line":41,"column":71}},"16":{"start":{"line":42,"column":6},"end":{"line":42,"column":60}},"17":{"start":{"line":45,"column":4},"end":{"line":45,"column":33}},"18":{"start":{"line":46,"column":4},"end":{"line":46,"column":27}},"19":{"start":{"line":47,"column":4},"end":{"line":47,"column":55}},"20":{"start":{"line":48,"column":4},"end":{"line":48,"column":55}},"21":{"start":{"line":49,"column":4},"end":{"line":49,"column":21}},"22":{"start":{"line":50,"column":4},"end":{"line":50,"column":21}},"23":{"start":{"line":52,"column":4},"end":{"line":52,"column":86}},"24":{"start":{"line":56,"column":4},"end":{"line":56,"column":69}},"25":{"start":{"line":58,"column":4},"end":{"line":71,"column":5}},"26":{"start":{"line":59,"column":26},"end":{"line":59,"column":62}},"27":{"start":{"line":61,"column":6},"end":{"line":67,"column":7}},"28":{"start":{"line":62,"column":8},"end":{"line":62,"column":93}},"29":{"start":{"line":63,"column":8},"end":{"line":63,"column":75}},"30":{"start":{"line":63,"column":47},"end":{"line":63,"column":73}},"31":{"start":{"line":65,"column":8},"end":{"line":65,"column":87}},"32":{"start":{"line":66,"column":8},"end":{"line":66,"column":27}},"33":{"start":{"line":69,"column":6},"end":{"line":69,"column":74}},"34":{"start":{"line":70,"column":6},"end":{"line":70,"column":16}},"35":{"start":{"line":75,"column":4},"end":{"line":75,"column":61}},"36":{"start":{"line":77,"column":4},"end":{"line":89,"column":5}},"37":{"start":{"line":78,"column":27},"end":{"line":78,"column":58}},"38":{"start":{"line":79,"column":6},"end":{"line":82,"column":7}},"39":{"start":{"line":80,"column":8},"end":{"line":80,"column":59}},"40":{"start":{"line":81,"column":8},"end":{"line":81,"column":81}},"41":{"start":{"line":84,"column":6},"end":{"line":84,"column":67}},"42":{"start":{"line":85,"column":6},"end":{"line":85,"column":40}},"43":{"start":{"line":87,"column":6},"end":{"line":87,"column":74}},"44":{"start":{"line":88,"column":6},"end":{"line":88,"column":16}},"45":{"start":{"line":93,"column":4},"end":{"line":93,"column":55}},"46":{"start":{"line":94,"column":4},"end":{"line":94,"column":39}},"47":{"start":{"line":98,"column":4},"end":{"line":98,"column":70}},"48":{"start":{"line":99,"column":4},"end":{"line":99,"column":44}},"49":{"start":{"line":100,"column":4},"end":{"line":100,"column":31}},"50":{"start":{"line":104,"column":4},"end":{"line":104,"column":68}},"51":{"start":{"line":105,"column":4},"end":{"line":105,"column":51}},"52":{"start":{"line":109,"column":4},"end":{"line":112,"column":5}},"53":{"start":{"line":110,"column":6},"end":{"line":110,"column":85}},"54":{"start":{"line":111,"column":6},"end":{"line":111,"column":47}},"55":{"start":{"line":114,"column":4},"end":{"line":114,"column":86}},"56":{"start":{"line":116,"column":4},"end":{"line":116,"column":28}},"57":{"start":{"line":117,"column":4},"end":{"line":117,"column":44}},"58":{"start":{"line":119,"column":4},"end":{"line":126,"column":5}},"59":{"start":{"line":120,"column":6},"end":{"line":120,"column":59}},"60":{"start":{"line":121,"column":6},"end":{"line":121,"column":24}},"61":{"start":{"line":122,"column":6},"end":{"line":122,"column":97}},"62":{"start":{"line":124,"column":6},"end":{"line":124,"column":80}},"63":{"start":{"line":125,"column":6},"end":{"line":125,"column":16}},"64":{"start":{"line":130,"column":21},"end":{"line":130,"column":49}},"65":{"start":{"line":131,"column":4},"end":{"line":131,"column":16}},"66":{"start":{"line":135,"column":4},"end":{"line":135,"column":45}},"67":{"start":{"line":139,"column":4},"end":{"line":139,"column":26}},"68":{"start":{"line":143,"column":4},"end":{"line":151,"column":5}},"69":{"start":{"line":144,"column":23},"end":{"line":144,"column":47}},"70":{"start":{"line":145,"column":24},"end":{"line":145,"column":45}},"71":{"start":{"line":146,"column":6},"end":{"line":146,"column":63}},"72":{"start":{"line":147,"column":6},"end":{"line":147,"column":23}},"73":{"start":{"line":149,"column":6},"end":{"line":149,"column":77}},"74":{"start":{"line":150,"column":6},"end":{"line":150,"column":19}},"75":{"start":{"line":155,"column":0},"end":{"line":155,"column":35}}},"fnMap":{"0":{"name":"(anonymous_0)","decl":{"start":{"line":19,"column":2},"end":{"line":19,"column":3}},"loc":{"start":{"line":19,"column":65},"end":{"line":53,"column":3}},"line":19},"1":{"name":"(anonymous_1)","decl":{"start":{"line":55,"column":2},"end":{"line":55,"column":3}},"loc":{"start":{"line":55,"column":47},"end":{"line":72,"column":3}},"line":55},"2":{"name":"(anonymous_2)","decl":{"start":{"line":63,"column":31},"end":{"line":63,"column":32}},"loc":{"start":{"line":63,"column":47},"end":{"line":63,"column":73}},"line":63},"3":{"name":"(anonymous_3)","decl":{"start":{"line":74,"column":2},"end":{"line":74,"column":3}},"loc":{"start":{"line":74,"column":33},"end":{"line":90,"column":3}},"line":74},"4":{"name":"(anonymous_4)","decl":{"start":{"line":92,"column":2},"end":{"line":92,"column":3}},"loc":{"start":{"line":92,"column":29},"end":{"line":95,"column":3}},"line":92},"5":{"name":"(anonymous_5)","decl":{"start":{"line":97,"column":2},"end":{"line":97,"column":3}},"loc":{"start":{"line":97,"column":9},"end":{"line":101,"column":3}},"line":97},"6":{"name":"(anonymous_6)","decl":{"start":{"line":103,"column":2},"end":{"line":103,"column":3}},"loc":{"start":{"line":103,"column":12},"end":{"line":106,"column":3}},"line":103},"7":{"name":"(anonymous_7)","decl":{"start":{"line":108,"column":2},"end":{"line":108,"column":3}},"loc":{"start":{"line":108,"column":22},"end":{"line":127,"column":3}},"line":108},"8":{"name":"(anonymous_8)","decl":{"start":{"line":129,"column":2},"end":{"line":129,"column":3}},"loc":{"start":{"line":129,"column":17},"end":{"line":132,"column":3}},"line":129},"9":{"name":"(anonymous_9)","decl":{"start":{"line":134,"column":2},"end":{"line":134,"column":3}},"loc":{"start":{"line":134,"column":15},"end":{"line":136,"column":3}},"line":134},"10":{"name":"(anonymous_10)","decl":{"start":{"line":138,"column":2},"end":{"line":138,"column":3}},"loc":{"start":{"line":138,"column":16},"end":{"line":140,"column":3}},"line":138},"11":{"name":"(anonymous_11)","decl":{"start":{"line":142,"column":2},"end":{"line":142,"column":3}},"loc":{"start":{"line":142,"column":32},"end":{"line":152,"column":3}},"line":142}},"branchMap":{"0":{"loc":{"start":{"line":19,"column":53},"end":{"line":19,"column":61}},"type":"default-arg","locations":[{"start":{"line":19,"column":60},"end":{"line":19,"column":61}}],"line":19},"1":{"loc":{"start":{"line":20,"column":4},"end":{"line":23,"column":5}},"type":"if","locations":[{"start":{"line":20,"column":4},"end":{"line":23,"column":5}},{"start":{},"end":{}}],"line":20},"2":{"loc":{"start":{"line":20,"column":8},"end":{"line":20,"column":25}},"type":"binary-expr","locations":[{"start":{"line":20,"column":8},"end":{"line":20,"column":16}},{"start":{"line":20,"column":20},"end":{"line":20,"column":25}}],"line":20},"3":{"loc":{"start":{"line":35,"column":4},"end":{"line":38,"column":5}},"type":"if","locations":[{"start":{"line":35,"column":4},"end":{"line":38,"column":5}},{"start":{},"end":{}}],"line":35},"4":{"loc":{"start":{"line":40,"column":4},"end":{"line":43,"column":5}},"type":"if","locations":[{"start":{"line":40,"column":4},"end":{"line":43,"column":5}},{"start":{},"end":{}}],"line":40},"5":{"loc":{"start":{"line":40,"column":8},"end":{"line":40,"column":44}},"type":"binary-expr","locations":[{"start":{"line":40,"column":8},"end":{"line":40,"column":32}},{"start":{"line":40,"column":36},"end":{"line":40,"column":44}}],"line":40},"6":{"loc":{"start":{"line":45,"column":14},"end":{"line":45,"column":32}},"type":"binary-expr","locations":[{"start":{"line":45,"column":14},"end":{"line":45,"column":16}},{"start":{"line":45,"column":20},"end":{"line":45,"column":32}}],"line":45},"7":{"loc":{"start":{"line":47,"column":19},"end":{"line":47,"column":54}},"type":"binary-expr","locations":[{"start":{"line":47,"column":19},"end":{"line":47,"column":26}},{"start":{"line":47,"column":30},"end":{"line":47,"column":54}}],"line":47},"8":{"loc":{"start":{"line":48,"column":19},"end":{"line":48,"column":54}},"type":"binary-expr","locations":[{"start":{"line":48,"column":19},"end":{"line":48,"column":26}},{"start":{"line":48,"column":30},"end":{"line":48,"column":54}}],"line":48},"9":{"loc":{"start":{"line":55,"column":31},"end":{"line":55,"column":45}},"type":"default-arg","locations":[{"start":{"line":55,"column":40},"end":{"line":55,"column":45}}],"line":55},"10":{"loc":{"start":{"line":61,"column":6},"end":{"line":67,"column":7}},"type":"if","locations":[{"start":{"line":61,"column":6},"end":{"line":67,"column":7}},{"start":{"line":64,"column":13},"end":{"line":67,"column":7}}],"line":61},"11":{"loc":{"start":{"line":79,"column":6},"end":{"line":82,"column":7}},"type":"if","locations":[{"start":{"line":79,"column":6},"end":{"line":82,"column":7}},{"start":{},"end":{}}],"line":79},"12":{"loc":{"start":{"line":109,"column":4},"end":{"line":112,"column":5}},"type":"if","locations":[{"start":{"line":109,"column":4},"end":{"line":112,"column":5}},{"start":{},"end":{}}],"line":109}},"s":{"0":5,"1":5,"2":5,"3":5,"4":40,"5":3,"6":3,"7":37,"8":37,"9":0,"10":0,"11":37,"12":1,"13":1,"14":36,"15":2,"16":2,"17":34,"18":34,"19":34,"20":34,"21":34,"22":34,"23":34,"24":4,"25":4,"26":4,"27":4,"28":1,"29":1,"30":1,"31":3,"32":3,"33":0,"34":0,"35":6,"36":6,"37":6,"38":6,"39":1,"40":1,"41":5,"42":5,"43":1,"44":1,"45":1,"46":1,"47":28,"48":28,"49":28,"50":2,"51":2,"52":15,"53":1,"54":1,"55":14,"56":14,"57":14,"58":14,"59":14,"60":14,"61":14,"62":0,"63":0,"64":3,"65":3,"66":1,"67":1,"68":53,"69":53,"70":53,"71":53,"72":53,"73":0,"74":0,"75":5},"f":{"0":40,"1":4,"2":1,"3":6,"4":1,"5":28,"6":2,"7":15,"8":3,"9":1,"10":1,"11":53},"b":{"0":[9],"1":[3,37],"2":[40,38],"3":[1,36],"4":[2,34],"5":[36,35],"6":[34,27],"7":[34,28],"8":[34,28],"9":[2],"10":[1,3],"11":[1,5],"12":[1,14]},"_coverageSchema":"1a1c01bbd47fc00a2c39e90264f33305004495a9","hash":"0870d3f7ef46451e6a0db09804026dd1fbbc66b0"}
,"/Users/rohit/Documents/My files/fragments/src/model/data/index.js": {"path":"/Users/rohit/Documents/My files/fragments/src/model/data/index.js","statementMap":{"0":{"start":{"line":1,"column":0},"end":{"line":1,"column":37}}},"fnMap":{},"branchMap":{},"s":{"0":5},"f":{},"b":{},"_coverageSchema":"1a1c01bbd47fc00a2c39e90264f33305004495a9","hash":"4d6ee6497d708464530f1da5fc017249830c426f"}
,"/Users/rohit/Documents/My files/fragments/src/model/data/memory/index.js": {"path":"/Users/rohit/Documents/My files/fragments/src/model/data/memory/index.js","statementMap":{"0":{"start":{"line":1,"column":17},"end":{"line":1,"column":39}},"1":{"start":{"line":2,"column":15},"end":{"line":2,"column":41}},"2":{"start":{"line":5,"column":13},"end":{"line":5,"column":27}},"3":{"start":{"line":6,"column":17},"end":{"line":6,"column":31}},"4":{"start":{"line":10,"column":2},"end":{"line":10,"column":100}},"5":{"start":{"line":11,"column":21},"end":{"line":11,"column":45}},"6":{"start":{"line":12,"column":2},"end":{"line":12,"column":65}},"7":{"start":{"line":17,"column":2},"end":{"line":17,"column":73}},"8":{"start":{"line":18,"column":21},"end":{"line":18,"column":52}},"9":{"start":{"line":19,"column":17},"end":{"line":19,"column":85}},"10":{"start":{"line":21,"column":2},"end":{"line":25,"column":3}},"11":{"start":{"line":22,"column":4},"end":{"line":22,"column":77}},"12":{"start":{"line":24,"column":4},"end":{"line":24,"column":73}},"13":{"start":{"line":27,"column":2},"end":{"line":27,"column":16}},"14":{"start":{"line":32,"column":2},"end":{"line":32,"column":90}},"15":{"start":{"line":33,"column":2},"end":{"line":33,"column":39}},"16":{"start":{"line":38,"column":2},"end":{"line":38,"column":69}},"17":{"start":{"line":39,"column":2},"end":{"line":39,"column":31}},"18":{"start":{"line":44,"column":2},"end":{"line":44,"column":57}},"19":{"start":{"line":45,"column":20},"end":{"line":45,"column":49}},"20":{"start":{"line":48,"column":2},"end":{"line":51,"column":3}},"21":{"start":{"line":49,"column":4},"end":{"line":49,"column":61}},"22":{"start":{"line":50,"column":4},"end":{"line":50,"column":14}},"23":{"start":{"line":53,"column":2},"end":{"line":53,"column":89}},"24":{"start":{"line":56,"column":2},"end":{"line":60,"column":3}},"25":{"start":{"line":57,"column":4},"end":{"line":59,"column":6}},"26":{"start":{"line":58,"column":6},"end":{"line":58,"column":68}},"27":{"start":{"line":63,"column":2},"end":{"line":66,"column":5}},"28":{"start":{"line":64,"column":19},"end":{"line":64,"column":81}},"29":{"start":{"line":65,"column":4},"end":{"line":65,"column":21}},"30":{"start":{"line":71,"column":2},"end":{"line":71,"column":65}},"31":{"start":{"line":74,"column":25},"end":{"line":74,"column":56}},"32":{"start":{"line":75,"column":2},"end":{"line":78,"column":3}},"33":{"start":{"line":76,"column":4},"end":{"line":76,"column":91}},"34":{"start":{"line":77,"column":4},"end":{"line":77,"column":86}},"35":{"start":{"line":81,"column":2},"end":{"line":81,"column":34}},"36":{"start":{"line":84,"column":21},"end":{"line":84,"column":48}},"37":{"start":{"line":85,"column":2},"end":{"line":88,"column":3}},"38":{"start":{"line":86,"column":4},"end":{"line":86,"column":32}},"39":{"start":{"line":87,"column":4},"end":{"line":87,"column":71}},"40":{"start":{"line":90,"column":2},"end":{"line":90,"column":73}},"41":{"start":{"line":93,"column":0},"end":{"line":93,"column":45}},"42":{"start":{"line":94,"column":0},"end":{"line":94,"column":45}},"43":{"start":{"line":95,"column":0},"end":{"line":95,"column":43}},"44":{"start":{"line":96,"column":0},"end":{"line":96,"column":53}},"45":{"start":{"line":97,"column":0},"end":{"line":97,"column":51}},"46":{"start":{"line":98,"column":0},"end":{"line":98,"column":47}}},"fnMap":{"0":{"name":"writeFragment","decl":{"start":{"line":9,"column":9},"end":{"line":9,"column":22}},"loc":{"start":{"line":9,"column":33},"end":{"line":13,"column":1}},"line":9},"1":{"name":"readFragment","decl":{"start":{"line":16,"column":15},"end":{"line":16,"column":27}},"loc":{"start":{"line":16,"column":41},"end":{"line":28,"column":1}},"line":16},"2":{"name":"writeFragmentData","decl":{"start":{"line":31,"column":9},"end":{"line":31,"column":26}},"loc":{"start":{"line":31,"column":48},"end":{"line":34,"column":1}},"line":31},"3":{"name":"readFragmentData","decl":{"start":{"line":37,"column":9},"end":{"line":37,"column":25}},"loc":{"start":{"line":37,"column":39},"end":{"line":40,"column":1}},"line":37},"4":{"name":"listFragments","decl":{"start":{"line":43,"column":15},"end":{"line":43,"column":28}},"loc":{"start":{"line":43,"column":54},"end":{"line":67,"column":1}},"line":43},"5":{"name":"(anonymous_5)","decl":{"start":{"line":57,"column":25},"end":{"line":57,"column":26}},"loc":{"start":{"line":58,"column":6},"end":{"line":58,"column":68}},"line":58},"6":{"name":"(anonymous_6)","decl":{"start":{"line":63,"column":23},"end":{"line":63,"column":24}},"loc":{"start":{"line":63,"column":37},"end":{"line":66,"column":3}},"line":63},"7":{"name":"deleteFragment","decl":{"start":{"line":70,"column":15},"end":{"line":70,"column":29}},"loc":{"start":{"line":70,"column":43},"end":{"line":91,"column":1}},"line":70}},"branchMap":{"0":{"loc":{"start":{"line":19,"column":17},"end":{"line":19,"column":85}},"type":"cond-expr","locations":[{"start":{"line":19,"column":50},"end":{"line":19,"column":72}},{"start":{"line":19,"column":75},"end":{"line":19,"column":85}}],"line":19},"1":{"loc":{"start":{"line":21,"column":2},"end":{"line":25,"column":3}},"type":"if","locations":[{"start":{"line":21,"column":2},"end":{"line":25,"column":3}},{"start":{"line":23,"column":9},"end":{"line":25,"column":3}}],"line":21},"2":{"loc":{"start":{"line":43,"column":38},"end":{"line":43,"column":52}},"type":"default-arg","locations":[{"start":{"line":43,"column":47},"end":{"line":43,"column":52}}],"line":43},"3":{"loc":{"start":{"line":48,"column":2},"end":{"line":51,"column":3}},"type":"if","locations":[{"start":{"line":48,"column":2},"end":{"line":51,"column":3}},{"start":{},"end":{}}],"line":48},"4":{"loc":{"start":{"line":48,"column":6},"end":{"line":48,"column":42}},"type":"binary-expr","locations":[{"start":{"line":48,"column":6},"end":{"line":48,"column":16}},{"start":{"line":48,"column":20},"end":{"line":48,"column":42}}],"line":48},"5":{"loc":{"start":{"line":56,"column":2},"end":{"line":60,"column":3}},"type":"if","locations":[{"start":{"line":56,"column":2},"end":{"line":60,"column":3}},{"start":{},"end":{}}],"line":56},"6":{"loc":{"start":{"line":58,"column":6},"end":{"line":58,"column":68}},"type":"cond-expr","locations":[{"start":{"line":58,"column":37},"end":{"line":58,"column":57}},{"start":{"line":58,"column":60},"end":{"line":58,"column":68}}],"line":58},"7":{"loc":{"start":{"line":64,"column":19},"end":{"line":64,"column":81}},"type":"cond-expr","locations":[{"start":{"line":64,"column":50},"end":{"line":64,"column":70}},{"start":{"line":64,"column":73},"end":{"line":64,"column":81}}],"line":64},"8":{"loc":{"start":{"line":75,"column":2},"end":{"line":78,"column":3}},"type":"if","locations":[{"start":{"line":75,"column":2},"end":{"line":78,"column":3}},{"start":{},"end":{}}],"line":75},"9":{"loc":{"start":{"line":85,"column":2},"end":{"line":88,"column":3}},"type":"if","locations":[{"start":{"line":85,"column":2},"end":{"line":88,"column":3}},{"start":{},"end":{}}],"line":85}},"s":{"0":6,"1":6,"2":6,"3":6,"4":36,"5":36,"6":36,"7":13,"8":13,"9":13,"10":13,"11":4,"12":9,"13":13,"14":18,"15":18,"16":9,"17":9,"18":8,"19":8,"20":8,"21":3,"22":3,"23":5,"24":5,"25":2,"26":3,"27":3,"28":6,"29":6,"30":4,"31":4,"32":4,"33":1,"34":1,"35":3,"36":3,"37":3,"38":3,"39":3,"40":3,"41":6,"42":6,"43":6,"44":6,"45":6,"46":6},"f":{"0":36,"1":13,"2":18,"3":9,"4":8,"5":3,"6":6,"7":4},"b":{"0":[9,4],"1":[4,9],"2":[3],"3":[3,5],"4":[8,8],"5":[2,3],"6":[3,0],"7":[6,0],"8":[1,3],"9":[3,0]},"_coverageSchema":"1a1c01bbd47fc00a2c39e90264f33305004495a9","hash":"5f1748b2de2bdb0b12a7ea12302250c3d6da7a46"}
,"/Users/rohit/Documents/My files/fragments/src/model/data/memory/memory-db.js": {"path":"/Users/rohit/Documents/My files/fragments/src/model/data/memory/memory-db.js","statementMap":{"0":{"start":{"line":1,"column":20},"end":{"line":1,"column":52}},"1":{"start":{"line":1,"column":29},"end":{"line":1,"column":52}},"2":{"start":{"line":6,"column":4},"end":{"line":6,"column":17}},"3":{"start":{"line":16,"column":4},"end":{"line":20,"column":5}},"4":{"start":{"line":17,"column":6},"end":{"line":19,"column":8}},"5":{"start":{"line":22,"column":15},"end":{"line":22,"column":22}},"6":{"start":{"line":23,"column":18},"end":{"line":23,"column":64}},"7":{"start":{"line":24,"column":4},"end":{"line":24,"column":34}},"8":{"start":{"line":34,"column":4},"end":{"line":38,"column":5}},"9":{"start":{"line":35,"column":6},"end":{"line":37,"column":8}},"10":{"start":{"line":40,"column":15},"end":{"line":40,"column":22}},"11":{"start":{"line":42,"column":4},"end":{"line":42,"column":42}},"12":{"start":{"line":44,"column":4},"end":{"line":44,"column":41}},"13":{"start":{"line":45,"column":4},"end":{"line":45,"column":29}},"14":{"start":{"line":55,"column":4},"end":{"line":57,"column":5}},"15":{"start":{"line":56,"column":6},"end":{"line":56,"column":85}},"16":{"start":{"line":60,"column":15},"end":{"line":60,"column":22}},"17":{"start":{"line":61,"column":19},"end":{"line":61,"column":70}},"18":{"start":{"line":62,"column":4},"end":{"line":62,"column":35}},"19":{"start":{"line":72,"column":4},"end":{"line":76,"column":5}},"20":{"start":{"line":73,"column":6},"end":{"line":75,"column":8}},"21":{"start":{"line":79,"column":4},"end":{"line":83,"column":5}},"22":{"start":{"line":80,"column":6},"end":{"line":82,"column":8}},"23":{"start":{"line":85,"column":15},"end":{"line":85,"column":22}},"24":{"start":{"line":86,"column":4},"end":{"line":86,"column":40}},"25":{"start":{"line":87,"column":4},"end":{"line":87,"column":29}},"26":{"start":{"line":91,"column":0},"end":{"line":91,"column":26}}},"fnMap":{"0":{"name":"(anonymous_0)","decl":{"start":{"line":1,"column":20},"end":{"line":1,"column":21}},"loc":{"start":{"line":1,"column":29},"end":{"line":1,"column":52}},"line":1},"1":{"name":"(anonymous_1)","decl":{"start":{"line":4,"column":2},"end":{"line":4,"column":3}},"loc":{"start":{"line":4,"column":16},"end":{"line":7,"column":3}},"line":4},"2":{"name":"(anonymous_2)","decl":{"start":{"line":15,"column":2},"end":{"line":15,"column":3}},"loc":{"start":{"line":15,"column":32},"end":{"line":25,"column":3}},"line":15},"3":{"name":"(anonymous_3)","decl":{"start":{"line":33,"column":2},"end":{"line":33,"column":3}},"loc":{"start":{"line":33,"column":39},"end":{"line":46,"column":3}},"line":33},"4":{"name":"(anonymous_4)","decl":{"start":{"line":54,"column":2},"end":{"line":54,"column":3}},"loc":{"start":{"line":54,"column":20},"end":{"line":63,"column":3}},"line":54},"5":{"name":"(anonymous_5)","decl":{"start":{"line":71,"column":2},"end":{"line":71,"column":3}},"loc":{"start":{"line":71,"column":38},"end":{"line":88,"column":3}},"line":71}},"branchMap":{"0":{"loc":{"start":{"line":16,"column":4},"end":{"line":20,"column":5}},"type":"if","locations":[{"start":{"line":16,"column":4},"end":{"line":20,"column":5}},{"start":{},"end":{}}],"line":16},"1":{"loc":{"start":{"line":16,"column":10},"end":{"line":16,"column":62}},"type":"binary-expr","locations":[{"start":{"line":16,"column":10},"end":{"line":16,"column":33}},{"start":{"line":16,"column":37},"end":{"line":16,"column":62}}],"line":16},"2":{"loc":{"start":{"line":23,"column":18},"end":{"line":23,"column":64}},"type":"binary-expr","locations":[{"start":{"line":23,"column":18},"end":{"line":23,"column":32}},{"start":{"line":23,"column":36},"end":{"line":23,"column":64}}],"line":23},"3":{"loc":{"start":{"line":34,"column":4},"end":{"line":38,"column":5}},"type":"if","locations":[{"start":{"line":34,"column":4},"end":{"line":38,"column":5}},{"start":{},"end":{}}],"line":34},"4":{"loc":{"start":{"line":34,"column":10},"end":{"line":34,"column":62}},"type":"binary-expr","locations":[{"start":{"line":34,"column":10},"end":{"line":34,"column":33}},{"start":{"line":34,"column":37},"end":{"line":34,"column":62}}],"line":34},"5":{"loc":{"start":{"line":42,"column":21},"end":{"line":42,"column":41}},"type":"binary-expr","locations":[{"start":{"line":42,"column":21},"end":{"line":42,"column":35}},{"start":{"line":42,"column":39},"end":{"line":42,"column":41}}],"line":42},"6":{"loc":{"start":{"line":55,"column":4},"end":{"line":57,"column":5}},"type":"if","locations":[{"start":{"line":55,"column":4},"end":{"line":57,"column":5}},{"start":{},"end":{}}],"line":55},"7":{"loc":{"start":{"line":61,"column":19},"end":{"line":61,"column":70}},"type":"cond-expr","locations":[{"start":{"line":61,"column":36},"end":{"line":61,"column":65}},{"start":{"line":61,"column":68},"end":{"line":61,"column":70}}],"line":61},"8":{"loc":{"start":{"line":72,"column":4},"end":{"line":76,"column":5}},"type":"if","locations":[{"start":{"line":72,"column":4},"end":{"line":76,"column":5}},{"start":{},"end":{}}],"line":72},"9":{"loc":{"start":{"line":72,"column":10},"end":{"line":72,"column":62}},"type":"binary-expr","locations":[{"start":{"line":72,"column":10},"end":{"line":72,"column":33}},{"start":{"line":72,"column":37},"end":{"line":72,"column":62}}],"line":72},"10":{"loc":{"start":{"line":79,"column":4},"end":{"line":83,"column":5}},"type":"if","locations":[{"start":{"line":79,"column":4},"end":{"line":83,"column":5}},{"start":{},"end":{}}],"line":79}},"s":{"0":7,"1":251,"2":24,"3":45,"4":3,"5":42,"6":42,"7":42,"8":68,"9":3,"10":65,"11":65,"12":65,"13":65,"14":12,"15":2,"16":10,"17":10,"18":10,"19":11,"20":3,"21":8,"22":1,"23":7,"24":7,"25":7,"26":7},"f":{"0":251,"1":24,"2":45,"3":68,"4":12,"5":11},"b":{"0":[3,42],"1":[45,42],"2":[42,38],"3":[3,65],"4":[68,65],"5":[65,19],"6":[2,10],"7":[6,4],"8":[3,8],"9":[11,8],"10":[1,7]},"_coverageSchema":"1a1c01bbd47fc00a2c39e90264f33305004495a9","hash":"fe56d1ad061bbc11fc0939ed551ca0a4c12e7687"}
,"/Users/rohit/Documents/My files/fragments/src/routes/index.js": {"path":"/Users/rohit/Documents/My files/fragments/src/routes/index.js","statementMap":{"0":{"start":{"line":1,"column":16},"end":{"line":1,"column":34}},"1":{"start":{"line":2,"column":28},"end":{"line":2,"column":57}},"2":{"start":{"line":5,"column":25},"end":{"line":5,"column":43}},"3":{"start":{"line":7,"column":15},"end":{"line":7,"column":31}},"4":{"start":{"line":14,"column":0},"end":{"line":14,"column":52}},"5":{"start":{"line":20,"column":0},"end":{"line":28,"column":3}},"6":{"start":{"line":21,"column":2},"end":{"line":21,"column":45}},"7":{"start":{"line":22,"column":2},"end":{"line":27,"column":5}},"8":{"start":{"line":30,"column":0},"end":{"line":30,"column":24}}},"fnMap":{"0":{"name":"(anonymous_0)","decl":{"start":{"line":20,"column":16},"end":{"line":20,"column":17}},"loc":{"start":{"line":20,"column":30},"end":{"line":28,"column":1}},"line":20}},"branchMap":{},"s":{"0":4,"1":4,"2":4,"3":4,"4":4,"5":4,"6":4,"7":4,"8":4},"f":{"0":4},"b":{},"_coverageSchema":"1a1c01bbd47fc00a2c39e90264f33305004495a9","hash":"645056e515e82793116ac415aea01c29f6f98cd4"}
,"/Users/rohit/Documents/My files/fragments/src/routes/api/get.js": {"path":"/Users/rohit/Documents/My files/fragments/src/routes/api/get.js","statementMap":{"0":{"start":{"line":2,"column":21},"end":{"line":2,"column":52}},"1":{"start":{"line":3,"column":15},"end":{"line":3,"column":38}},"2":{"start":{"line":10,"column":0},"end":{"line":26,"column":2}},"3":{"start":{"line":11,"column":2},"end":{"line":25,"column":3}},"4":{"start":{"line":12,"column":19},"end":{"line":12,"column":43}},"5":{"start":{"line":14,"column":4},"end":{"line":14,"column":75}},"6":{"start":{"line":16,"column":22},"end":{"line":16,"column":61}},"7":{"start":{"line":18,"column":4},"end":{"line":21,"column":7}},"8":{"start":{"line":23,"column":4},"end":{"line":23,"column":69}},"9":{"start":{"line":24,"column":4},"end":{"line":24,"column":61}}},"fnMap":{"0":{"name":"(anonymous_0)","decl":{"start":{"line":10,"column":17},"end":{"line":10,"column":18}},"loc":{"start":{"line":10,"column":37},"end":{"line":26,"column":1}},"line":10}},"branchMap":{},"s":{"0":4,"1":4,"2":4,"3":1,"4":1,"5":1,"6":1,"7":1,"8":0,"9":0},"f":{"0":1},"b":{},"_coverageSchema":"1a1c01bbd47fc00a2c39e90264f33305004495a9","hash":"d00b7f9f9f4b8175feea2feedac628de49485780"}
,"/Users/rohit/Documents/My files/fragments/src/routes/api/index.js": {"path":"/Users/rohit/Documents/My files/fragments/src/routes/api/index.js","statementMap":{"0":{"start":{"line":1,"column":16},"end":{"line":1,"column":34}},"1":{"start":{"line":2,"column":15},"end":{"line":2,"column":38}},"2":{"start":{"line":4,"column":15},"end":{"line":4,"column":31}},"3":{"start":{"line":7,"column":16},"end":{"line":11,"column":2}},"4":{"start":{"line":10,"column":14},"end":{"line":10,"column":18}},"5":{"start":{"line":14,"column":21},"end":{"line":14,"column":38}},"6":{"start":{"line":17,"column":0},"end":{"line":17,"column":43}},"7":{"start":{"line":20,"column":0},"end":{"line":20,"column":49}},"8":{"start":{"line":23,"column":0},"end":{"line":23,"column":46}},"9":{"start":{"line":26,"column":0},"end":{"line":26,"column":56}},"10":{"start":{"line":29,"column":0},"end":{"line":29,"column":56}},"11":{"start":{"line":31,"column":0},"end":{"line":31,"column":47}},"12":{"start":{"line":32,"column":0},"end":{"line":32,"column":24}}},"fnMap":{"0":{"name":"(anonymous_0)","decl":{"start":{"line":10,"column":8},"end":{"line":10,"column":9}},"loc":{"start":{"line":10,"column":14},"end":{"line":10,"column":18}},"line":10}},"branchMap":{},"s":{"0":4,"1":4,"2":4,"3":4,"4":9,"5":4,"6":4,"7":4,"8":4,"9":4,"10":4,"11":4,"12":4},"f":{"0":9},"b":{},"_coverageSchema":"1a1c01bbd47fc00a2c39e90264f33305004495a9","hash":"3b827f7eb7d7983d93a67f9155199ea03e7248c1"}
,"/Users/rohit/Documents/My files/fragments/src/routes/api/post.js": {"path":"/Users/rohit/Documents/My files/fragments/src/routes/api/post.js","statementMap":{"0":{"start":{"line":1,"column":21},"end":{"line":1,"column":52}},"1":{"start":{"line":2,"column":15},"end":{"line":2,"column":38}},"2":{"start":{"line":4,"column":0},"end":{"line":58,"column":2}},"3":{"start":{"line":6,"column":22},"end":{"line":6,"column":45}},"4":{"start":{"line":9,"column":2},"end":{"line":17,"column":3}},"5":{"start":{"line":10,"column":4},"end":{"line":16,"column":7}},"6":{"start":{"line":20,"column":22},"end":{"line":20,"column":59}},"7":{"start":{"line":22,"column":2},"end":{"line":30,"column":3}},"8":{"start":{"line":23,"column":4},"end":{"line":29,"column":7}},"9":{"start":{"line":32,"column":2},"end":{"line":57,"column":3}},"10":{"start":{"line":34,"column":21},"end":{"line":37,"column":6}},"11":{"start":{"line":39,"column":4},"end":{"line":39,"column":37}},"12":{"start":{"line":40,"column":4},"end":{"line":40,"column":26}},"13":{"start":{"line":43,"column":4},"end":{"line":43,"column":105}},"14":{"start":{"line":44,"column":4},"end":{"line":47,"column":7}},"15":{"start":{"line":49,"column":4},"end":{"line":49,"column":66}},"16":{"start":{"line":50,"column":4},"end":{"line":56,"column":7}}},"fnMap":{"0":{"name":"(anonymous_0)","decl":{"start":{"line":4,"column":17},"end":{"line":4,"column":18}},"loc":{"start":{"line":4,"column":37},"end":{"line":58,"column":1}},"line":4}},"branchMap":{"0":{"loc":{"start":{"line":9,"column":2},"end":{"line":17,"column":3}},"type":"if","locations":[{"start":{"line":9,"column":2},"end":{"line":17,"column":3}},{"start":{},"end":{}}],"line":9},"1":{"loc":{"start":{"line":22,"column":2},"end":{"line":30,"column":3}},"type":"if","locations":[{"start":{"line":22,"column":2},"end":{"line":30,"column":3}},{"start":{},"end":{}}],"line":22},"2":{"loc":{"start":{"line":43,"column":27},"end":{"line":43,"column":73}},"type":"binary-expr","locations":[{"start":{"line":43,"column":27},"end":{"line":43,"column":46}},{"start":{"line":43,"column":50},"end":{"line":43,"column":73}}],"line":43}},"s":{"0":4,"1":4,"2":4,"3":9,"4":9,"5":0,"6":9,"7":9,"8":2,"9":7,"10":7,"11":7,"12":7,"13":7,"14":7,"15":0,"16":0},"f":{"0":9},"b":{"0":[0,9],"1":[2,7],"2":[7,7]},"_coverageSchema":"1a1c01bbd47fc00a2c39e90264f33305004495a9","hash":"2d84548bf5e12316dfdd95ffc7836d2894dd7354"}
,"/Users/rohit/Documents/My files/fragments/src/routes/api/id/html.js": {"path":"/Users/rohit/Documents/My files/fragments/src/routes/api/id/html.js","statementMap":{"0":{"start":{"line":2,"column":21},"end":{"line":2,"column":55}},"1":{"start":{"line":3,"column":19},"end":{"line":3,"column":41}},"2":{"start":{"line":4,"column":15},"end":{"line":4,"column":41}},"3":{"start":{"line":6,"column":11},"end":{"line":6,"column":27}},"4":{"start":{"line":12,"column":0},"end":{"line":38,"column":2}},"5":{"start":{"line":13,"column":2},"end":{"line":37,"column":3}},"6":{"start":{"line":14,"column":21},"end":{"line":14,"column":65}},"7":{"start":{"line":17,"column":4},"end":{"line":21,"column":5}},"8":{"start":{"line":18,"column":6},"end":{"line":20,"column":9}},"9":{"start":{"line":23,"column":17},"end":{"line":23,"column":41}},"10":{"start":{"line":24,"column":17},"end":{"line":24,"column":43}},"11":{"start":{"line":27,"column":4},"end":{"line":27,"column":41}},"12":{"start":{"line":28,"column":4},"end":{"line":28,"column":31}},"13":{"start":{"line":30,"column":4},"end":{"line":30,"column":106}},"14":{"start":{"line":32,"column":4},"end":{"line":36,"column":5}},"15":{"start":{"line":33,"column":6},"end":{"line":33,"column":60}},"16":{"start":{"line":35,"column":6},"end":{"line":35,"column":63}}},"fnMap":{"0":{"name":"(anonymous_0)","decl":{"start":{"line":12,"column":17},"end":{"line":12,"column":18}},"loc":{"start":{"line":12,"column":37},"end":{"line":38,"column":1}},"line":12}},"branchMap":{"0":{"loc":{"start":{"line":17,"column":4},"end":{"line":21,"column":5}},"type":"if","locations":[{"start":{"line":17,"column":4},"end":{"line":21,"column":5}},{"start":{},"end":{}}],"line":17},"1":{"loc":{"start":{"line":32,"column":4},"end":{"line":36,"column":5}},"type":"if","locations":[{"start":{"line":32,"column":4},"end":{"line":36,"column":5}},{"start":{"line":34,"column":11},"end":{"line":36,"column":5}}],"line":32}},"s":{"0":4,"1":4,"2":4,"3":4,"4":4,"5":0,"6":0,"7":0,"8":0,"9":0,"10":0,"11":0,"12":0,"13":0,"14":0,"15":0,"16":0},"f":{"0":0},"b":{"0":[0,0],"1":[0,0]},"_coverageSchema":"1a1c01bbd47fc00a2c39e90264f33305004495a9","hash":"fa7590edbab6b0d713677165470426eb3b371782"}
,"/Users/rohit/Documents/My files/fragments/src/routes/api/id/index.js": {"path":"/Users/rohit/Documents/My files/fragments/src/routes/api/id/index.js","statementMap":{"0":{"start":{"line":2,"column":21},"end":{"line":2,"column":55}},"1":{"start":{"line":3,"column":15},"end":{"line":3,"column":41}},"2":{"start":{"line":9,"column":0},"end":{"line":28,"column":2}},"3":{"start":{"line":10,"column":2},"end":{"line":27,"column":3}},"4":{"start":{"line":11,"column":21},"end":{"line":11,"column":65}},"5":{"start":{"line":12,"column":17},"end":{"line":12,"column":41}},"6":{"start":{"line":15,"column":4},"end":{"line":15,"column":43}},"7":{"start":{"line":18,"column":4},"end":{"line":18,"column":31}},"8":{"start":{"line":20,"column":4},"end":{"line":20,"column":100}},"9":{"start":{"line":22,"column":4},"end":{"line":26,"column":5}},"10":{"start":{"line":23,"column":6},"end":{"line":23,"column":60}},"11":{"start":{"line":25,"column":6},"end":{"line":25,"column":63}}},"fnMap":{"0":{"name":"(anonymous_0)","decl":{"start":{"line":9,"column":17},"end":{"line":9,"column":18}},"loc":{"start":{"line":9,"column":37},"end":{"line":28,"column":1}},"line":9}},"branchMap":{"0":{"loc":{"start":{"line":22,"column":4},"end":{"line":26,"column":5}},"type":"if","locations":[{"start":{"line":22,"column":4},"end":{"line":26,"column":5}},{"start":{"line":24,"column":11},"end":{"line":26,"column":5}}],"line":22}},"s":{"0":4,"1":4,"2":4,"3":1,"4":1,"5":1,"6":1,"7":1,"8":0,"9":0,"10":0,"11":0},"f":{"0":1},"b":{"0":[0,0]},"_coverageSchema":"1a1c01bbd47fc00a2c39e90264f33305004495a9","hash":"0033a5aaf951e86ff7da36a1242c0b5601d3f52e"}
,"/Users/rohit/Documents/My files/fragments/src/routes/api/id/info.js": {"path":"/Users/rohit/Documents/My files/fragments/src/routes/api/id/info.js","statementMap":{"0":{"start":{"line":2,"column":21},"end":{"line":2,"column":55}},"1":{"start":{"line":3,"column":15},"end":{"line":3,"column":41}},"2":{"start":{"line":9,"column":0},"end":{"line":26,"column":2}},"3":{"start":{"line":10,"column":2},"end":{"line":25,"column":3}},"4":{"start":{"line":11,"column":21},"end":{"line":11,"column":65}},"5":{"start":{"line":13,"column":4},"end":{"line":16,"column":7}},"6":{"start":{"line":18,"column":4},"end":{"line":18,"column":100}},"7":{"start":{"line":20,"column":4},"end":{"line":24,"column":5}},"8":{"start":{"line":21,"column":6},"end":{"line":21,"column":60}},"9":{"start":{"line":23,"column":6},"end":{"line":23,"column":63}}},"fnMap":{"0":{"name":"(anonymous_0)","decl":{"start":{"line":9,"column":17},"end":{"line":9,"column":18}},"loc":{"start":{"line":9,"column":37},"end":{"line":26,"column":1}},"line":9}},"branchMap":{"0":{"loc":{"start":{"line":20,"column":4},"end":{"line":24,"column":5}},"type":"if","locations":[{"start":{"line":20,"column":4},"end":{"line":24,"column":5}},{"start":{"line":22,"column":11},"end":{"line":24,"column":5}}],"line":20}},"s":{"0":4,"1":4,"2":4,"3":0,"4":0,"5":0,"6":0,"7":0,"8":0,"9":0},"f":{"0":0},"b":{"0":[0,0]},"_coverageSchema":"1a1c01bbd47fc00a2c39e90264f33305004495a9","hash":"a4e0dd7ba83f64e0aaac93feaf714f78817079d0"}
}
