TN:
SF:src/app.js
FN:35,(anonymous_0)
FN:55,(anonymous_1)
FN:67,(anonymous_2)
FNF:3
FNH:2
FNDA:4,(anonymous_0)
FNDA:1,(anonymous_1)
FNDA:0,(anonymous_2)
DA:3,3
DA:4,3
DA:5,3
DA:6,3
DA:10,3
DA:12,3
DA:13,3
DA:19,3
DA:22,3
DA:25,3
DA:28,3
DA:31,3
DA:35,3
DA:38,4
DA:41,4
DA:51,3
DA:52,3
DA:55,3
DA:56,1
DA:67,3
DA:70,0
DA:71,0
DA:74,0
DA:75,0
DA:78,0
DA:88,3
LF:26
LH:21
BRDA:70,0,0,0
BRDA:70,0,1,0
BRDA:71,1,0,0
BRDA:71,1,1,0
BRDA:74,2,0,0
BRDA:74,2,1,0
BRF:6
BRH:0
end_of_record
TN:
SF:src/logger.js
FNF:0
FNH:0
DA:4,3
DA:7,3
DA:9,0
DA:19,3
LF:4
LH:3
BRDA:4,0,0,3
BRDA:4,0,1,0
BRDA:7,1,0,0
BRDA:7,1,1,3
BRF:4
BRH:2
end_of_record
TN:
SF:src/response.js
FN:1,(anonymous_0)
FN:8,(anonymous_1)
FNF:2
FNH:2
FNDA:2,(anonymous_0)
FNDA:1,(anonymous_1)
DA:1,4
DA:2,2
DA:8,4
DA:9,1
LF:4
LH:4
BRF:0
BRH:0
end_of_record
TN:
SF:src/auth/basic-auth.js
FN:27,(anonymous_0)
FN:29,(anonymous_1)
FNF:2
FNH:1
FNDA:0,(anonymous_0)
FNDA:3,(anonymous_1)
DA:3,3
DA:4,3
DA:5,3
DA:7,3
DA:10,3
DA:11,0
DA:15,3
DA:18,3
DA:25,3
DA:27,3
DA:29,3
LF:11
LH:10
BRDA:10,0,0,0
BRDA:10,0,1,3
BRF:2
BRH:1
end_of_record
TN:
SF:src/auth/index.js
FNF:0
FNH:0
DA:4,3
DA:9,0
DA:15,3
DA:16,0
DA:17,0
DA:18,0
DA:21,3
DA:22,3
DA:23,3
DA:24,3
DA:28,0
LF:11
LH:6
BRDA:4,0,0,0
BRDA:4,0,1,3
BRDA:5,1,0,3
BRDA:5,1,1,0
BRDA:5,1,2,0
BRDA:15,2,0,0
BRDA:15,2,1,3
BRDA:15,3,0,3
BRDA:15,3,1,0
BRDA:21,4,0,3
BRDA:21,4,1,0
BRDA:21,5,0,3
BRDA:21,5,1,3
BRF:13
BRH:7
end_of_record
TN:
SF:src/routes/fragments.js
FN:7,(anonymous_0)
FNF:1
FNH:1
FNDA:1,(anonymous_0)
DA:1,3
DA:2,3
DA:3,3
DA:4,3
DA:7,3
DA:8,1
DA:11,3
LF:7
LH:7
BRF:0
BRH:0
end_of_record
