TN:
SF:src/app.js
FN:31,(anonymous_0)
FN:41,(anonymous_1)
FNF:2
FNH:1
FNDA:1,(anonymous_0)
FNDA:0,(anonymous_1)
DA:1,4
DA:2,4
DA:3,4
DA:4,4
DA:5,4
DA:8,4
DA:10,4
DA:11,4
DA:15,4
DA:18,4
DA:19,4
DA:20,4
DA:21,4
DA:24,4
DA:25,4
DA:28,4
DA:31,4
DA:32,1
DA:41,4
DA:42,0
DA:43,0
DA:45,0
DA:46,0
DA:49,0
DA:55,4
LF:25
LH:20
BRDA:42,0,0,0
BRDA:42,0,1,0
BRDA:43,1,0,0
BRDA:43,1,1,0
BRDA:45,2,0,0
BRDA:45,2,1,0
BRF:6
BRH:0
end_of_record
TN:
SF:src/hash.js
FN:22,(anonymous_0)
FNF:1
FNH:1
FNDA:14,(anonymous_0)
DA:16,5
DA:22,14
LF:2
LH:2
BRF:0
BRH:0
end_of_record
TN:
SF:src/logger.js
FNF:0
FNH:0
DA:4,6
DA:7,6
DA:9,0
DA:19,6
LF:4
LH:3
BRDA:4,0,0,6
BRDA:4,0,1,0
BRDA:7,1,0,0
BRDA:7,1,1,6
BRF:4
BRH:2
end_of_record
TN:
SF:src/response.js
FN:1,(anonymous_0)
FN:8,(anonymous_1)
FNF:2
FNH:2
FNDA:1,(anonymous_0)
FNDA:4,(anonymous_1)
DA:1,5
DA:2,1
DA:8,5
DA:9,4
LF:4
LH:4
BRF:0
BRH:0
end_of_record
TN:
SF:src/auth/auth-middleware.js
FN:11,(anonymous_0)
FN:12,(anonymous_1)
FN:19,callback
FNF:3
FNH:3
FNDA:4,(anonymous_0)
FNDA:14,(anonymous_1)
FNDA:14,callback
DA:1,4
DA:3,4
DA:4,4
DA:5,4
DA:11,4
DA:12,4
DA:21,14
DA:22,0
DA:23,0
DA:27,14
DA:28,3
DA:32,11
DA:33,11
DA:36,11
DA:41,14
LF:15
LH:13
BRDA:21,0,0,0
BRDA:21,0,1,14
BRDA:27,1,0,3
BRDA:27,1,1,11
BRF:4
BRH:3
end_of_record
TN:
SF:src/auth/basic-auth.js
FN:27,(anonymous_0)
FN:33,(anonymous_1)
FNF:2
FNH:2
FNDA:4,(anonymous_0)
FNDA:4,(anonymous_1)
DA:1,4
DA:2,4
DA:3,4
DA:5,4
DA:8,4
DA:11,4
DA:12,0
DA:16,4
DA:19,4
DA:25,4
DA:27,4
DA:33,4
LF:12
LH:11
BRDA:11,0,0,0
BRDA:11,0,1,4
BRF:2
BRH:1
end_of_record
TN:
SF:src/auth/index.js
FNF:0
FNH:0
DA:4,4
DA:9,0
DA:15,4
DA:16,0
DA:17,0
DA:18,0
DA:21,4
DA:22,4
DA:23,4
DA:24,4
DA:28,0
LF:11
LH:6
BRDA:4,0,0,0
BRDA:4,0,1,4
BRDA:5,1,0,4
BRDA:5,1,1,0
BRDA:5,1,2,0
BRDA:15,2,0,0
BRDA:15,2,1,4
BRDA:15,3,0,4
BRDA:15,3,1,0
BRDA:21,4,0,4
BRDA:21,4,1,0
BRDA:21,5,0,4
BRDA:21,5,1,4
BRF:13
BRH:7
end_of_record
TN:
SF:src/model/fragment.js
FN:19,(anonymous_0)
FN:55,(anonymous_1)
FN:63,(anonymous_2)
FN:74,(anonymous_3)
FN:92,(anonymous_4)
FN:97,(anonymous_5)
FN:103,(anonymous_6)
FN:108,(anonymous_7)
FN:129,(anonymous_8)
FN:134,(anonymous_9)
FN:138,(anonymous_10)
FN:142,(anonymous_11)
FNF:12
FNH:12
FNDA:40,(anonymous_0)
FNDA:4,(anonymous_1)
FNDA:1,(anonymous_2)
FNDA:6,(anonymous_3)
FNDA:1,(anonymous_4)
FNDA:28,(anonymous_5)
FNDA:2,(anonymous_6)
FNDA:15,(anonymous_7)
FNDA:3,(anonymous_8)
FNDA:1,(anonymous_9)
FNDA:1,(anonymous_10)
FNDA:53,(anonymous_11)
DA:3,5
DA:5,5
DA:6,5
DA:16,5
DA:20,40
DA:21,3
DA:22,3
DA:27,37
DA:28,37
DA:30,0
DA:31,0
DA:35,37
DA:36,1
DA:37,1
DA:40,36
DA:41,2
DA:42,2
DA:45,34
DA:46,34
DA:47,34
DA:48,34
DA:49,34
DA:50,34
DA:52,34
DA:56,4
DA:58,4
DA:59,4
DA:61,4
DA:62,1
DA:63,1
DA:65,3
DA:66,3
DA:69,0
DA:70,0
DA:75,6
DA:77,6
DA:78,6
DA:79,6
DA:80,1
DA:81,1
DA:84,5
DA:85,5
DA:87,1
DA:88,1
DA:93,1
DA:94,1
DA:98,28
DA:99,28
DA:100,28
DA:104,2
DA:105,2
DA:109,15
DA:110,1
DA:111,1
DA:114,14
DA:116,14
DA:117,14
DA:119,14
DA:120,14
DA:121,14
DA:122,14
DA:124,0
DA:125,0
DA:130,3
DA:131,3
DA:135,1
DA:139,1
DA:143,53
DA:144,53
DA:145,53
DA:146,53
DA:147,53
DA:149,0
DA:150,0
DA:155,5
LF:75
LH:67
BRDA:19,0,0,9
BRDA:20,1,0,3
BRDA:20,1,1,37
BRDA:20,2,0,40
BRDA:20,2,1,38
BRDA:35,3,0,1
BRDA:35,3,1,36
BRDA:40,4,0,2
BRDA:40,4,1,34
BRDA:40,5,0,36
BRDA:40,5,1,35
BRDA:45,6,0,34
BRDA:45,6,1,27
BRDA:47,7,0,34
BRDA:47,7,1,28
BRDA:48,8,0,34
BRDA:48,8,1,28
BRDA:55,9,0,2
BRDA:61,10,0,1
BRDA:61,10,1,3
BRDA:79,11,0,1
BRDA:79,11,1,5
BRDA:109,12,0,1
BRDA:109,12,1,14
BRF:24
BRH:24
end_of_record
TN:
SF:src/model/data/index.js
FNF:0
FNH:0
DA:1,5
LF:1
LH:1
BRF:0
BRH:0
end_of_record
TN:
SF:src/model/data/memory/index.js
FN:9,writeFragment
FN:16,readFragment
FN:31,writeFragmentData
FN:37,readFragmentData
FN:43,listFragments
FN:57,(anonymous_5)
FN:63,(anonymous_6)
FN:70,deleteFragment
FNF:8
FNH:8
FNDA:36,writeFragment
FNDA:13,readFragment
FNDA:18,writeFragmentData
FNDA:9,readFragmentData
FNDA:8,listFragments
FNDA:3,(anonymous_5)
FNDA:6,(anonymous_6)
FNDA:4,deleteFragment
DA:1,6
DA:2,6
DA:5,6
DA:6,6
DA:10,36
DA:11,36
DA:12,36
DA:17,13
DA:18,13
DA:19,13
DA:21,13
DA:22,4
DA:24,9
DA:27,13
DA:32,18
DA:33,18
DA:38,9
DA:39,9
DA:44,8
DA:45,8
DA:48,8
DA:49,3
DA:50,3
DA:53,5
DA:56,5
DA:57,2
DA:58,3
DA:63,3
DA:64,6
DA:65,6
DA:71,4
DA:74,4
DA:75,4
DA:76,1
DA:77,1
DA:81,3
DA:84,3
DA:85,3
DA:86,3
DA:87,3
DA:90,3
DA:93,6
DA:94,6
DA:95,6
DA:96,6
DA:97,6
DA:98,6
LF:47
LH:47
BRDA:19,0,0,9
BRDA:19,0,1,4
BRDA:21,1,0,4
BRDA:21,1,1,9
BRDA:43,2,0,3
BRDA:48,3,0,3
BRDA:48,3,1,5
BRDA:48,4,0,8
BRDA:48,4,1,8
BRDA:56,5,0,2
BRDA:56,5,1,3
BRDA:58,6,0,3
BRDA:58,6,1,0
BRDA:64,7,0,6
BRDA:64,7,1,0
BRDA:75,8,0,1
BRDA:75,8,1,3
BRDA:85,9,0,3
BRDA:85,9,1,0
BRF:19
BRH:16
end_of_record
TN:
SF:src/model/data/memory/memory-db.js
FN:1,(anonymous_0)
FN:4,(anonymous_1)
FN:15,(anonymous_2)
FN:33,(anonymous_3)
FN:54,(anonymous_4)
FN:71,(anonymous_5)
FNF:6
FNH:6
FNDA:251,(anonymous_0)
FNDA:24,(anonymous_1)
FNDA:45,(anonymous_2)
FNDA:68,(anonymous_3)
FNDA:12,(anonymous_4)
FNDA:11,(anonymous_5)
DA:1,251
DA:6,24
DA:16,45
DA:17,3
DA:22,42
DA:23,42
DA:24,42
DA:34,68
DA:35,3
DA:40,65
DA:42,65
DA:44,65
DA:45,65
DA:55,12
DA:56,2
DA:60,10
DA:61,10
DA:62,10
DA:72,11
DA:73,3
DA:79,8
DA:80,1
DA:85,7
DA:86,7
DA:87,7
DA:91,7
LF:26
LH:26
BRDA:16,0,0,3
BRDA:16,0,1,42
BRDA:16,1,0,45
BRDA:16,1,1,42
BRDA:23,2,0,42
BRDA:23,2,1,38
BRDA:34,3,0,3
BRDA:34,3,1,65
BRDA:34,4,0,68
BRDA:34,4,1,65
BRDA:42,5,0,65
BRDA:42,5,1,19
BRDA:55,6,0,2
BRDA:55,6,1,10
BRDA:61,7,0,6
BRDA:61,7,1,4
BRDA:72,8,0,3
BRDA:72,8,1,8
BRDA:72,9,0,11
BRDA:72,9,1,8
BRDA:79,10,0,1
BRDA:79,10,1,7
BRF:22
BRH:22
end_of_record
TN:
SF:src/routes/index.js
FN:20,(anonymous_0)
FNF:1
FNH:1
FNDA:4,(anonymous_0)
DA:1,4
DA:2,4
DA:5,4
DA:7,4
DA:14,4
DA:20,4
DA:21,4
DA:22,4
DA:30,4
LF:9
LH:9
BRF:0
BRH:0
end_of_record
TN:
SF:src/routes/api/get.js
FN:10,(anonymous_0)
FNF:1
FNH:1
FNDA:1,(anonymous_0)
DA:2,4
DA:3,4
DA:10,4
DA:11,1
DA:12,1
DA:14,1
DA:16,1
DA:18,1
DA:23,0
DA:24,0
LF:10
LH:8
BRF:0
BRH:0
end_of_record
TN:
SF:src/routes/api/index.js
FN:10,(anonymous_0)
FNF:1
FNH:1
FNDA:9,(anonymous_0)
DA:1,4
DA:2,4
DA:4,4
DA:7,4
DA:10,9
DA:14,4
DA:17,4
DA:20,4
DA:23,4
DA:26,4
DA:29,4
DA:31,4
DA:32,4
LF:13
LH:13
BRF:0
BRH:0
end_of_record
TN:
SF:src/routes/api/post.js
FN:4,(anonymous_0)
FNF:1
FNH:1
FNDA:9,(anonymous_0)
DA:1,4
DA:2,4
DA:4,4
DA:6,9
DA:9,9
DA:10,0
DA:20,9
DA:22,9
DA:23,2
DA:32,7
DA:34,7
DA:39,7
DA:40,7
DA:43,7
DA:44,7
DA:49,0
DA:50,0
LF:17
LH:14
BRDA:9,0,0,0
BRDA:9,0,1,9
BRDA:22,1,0,2
BRDA:22,1,1,7
BRDA:43,2,0,7
BRDA:43,2,1,7
BRF:6
BRH:5
end_of_record
TN:
SF:src/routes/api/id/html.js
FN:12,(anonymous_0)
FNF:1
FNH:0
FNDA:0,(anonymous_0)
DA:2,4
DA:3,4
DA:4,4
DA:6,4
DA:12,4
DA:13,0
DA:14,0
DA:17,0
DA:18,0
DA:23,0
DA:24,0
DA:27,0
DA:28,0
DA:30,0
DA:32,0
DA:33,0
DA:35,0
LF:17
LH:5
BRDA:17,0,0,0
BRDA:17,0,1,0
BRDA:32,1,0,0
BRDA:32,1,1,0
BRF:4
BRH:0
end_of_record
TN:
SF:src/routes/api/id/index.js
FN:9,(anonymous_0)
FNF:1
FNH:1
FNDA:1,(anonymous_0)
DA:2,4
DA:3,4
DA:9,4
DA:10,1
DA:11,1
DA:12,1
DA:15,1
DA:18,1
DA:20,0
DA:22,0
DA:23,0
DA:25,0
LF:12
LH:8
BRDA:22,0,0,0
BRDA:22,0,1,0
BRF:2
BRH:0
end_of_record
TN:
SF:src/routes/api/id/info.js
FN:9,(anonymous_0)
FNF:1
FNH:0
FNDA:0,(anonymous_0)
DA:2,4
DA:3,4
DA:9,4
DA:10,0
DA:11,0
DA:13,0
DA:18,0
DA:20,0
DA:21,0
DA:23,0
LF:10
LH:3
BRDA:20,0,0,0
BRDA:20,0,1,0
BRF:2
BRH:0
end_of_record
